Started GET "/" for 127.0.0.1 at 2017-03-02 09:09:31 +0100
  
ActiveRecord::PendingMigrationError (

Migrations are pending. To resolve this issue, run:

        bin/rails db:migrate RAILS_ENV=development

):
  
vendor/bundle/ruby/2.3.0/gems/activerecord-5.0.2/lib/active_record/migration.rb:573:in `check_pending!'
vendor/bundle/ruby/2.3.0/gems/activerecord-5.0.2/lib/active_record/migration.rb:549:in `call'
vendor/bundle/ruby/2.3.0/gems/actionpack-5.0.2/lib/action_dispatch/middleware/callbacks.rb:38:in `block in call'
vendor/bundle/ruby/2.3.0/gems/activesupport-5.0.2/lib/active_support/callbacks.rb:97:in `__run_callbacks__'
vendor/bundle/ruby/2.3.0/gems/activesupport-5.0.2/lib/active_support/callbacks.rb:750:in `_run_call_callbacks'
vendor/bundle/ruby/2.3.0/gems/activesupport-5.0.2/lib/active_support/callbacks.rb:90:in `run_callbacks'
vendor/bundle/ruby/2.3.0/gems/actionpack-5.0.2/lib/action_dispatch/middleware/callbacks.rb:36:in `call'
vendor/bundle/ruby/2.3.0/gems/actionpack-5.0.2/lib/action_dispatch/middleware/executor.rb:12:in `call'
vendor/bundle/ruby/2.3.0/gems/actionpack-5.0.2/lib/action_dispatch/middleware/remote_ip.rb:79:in `call'
vendor/bundle/ruby/2.3.0/gems/actionpack-5.0.2/lib/action_dispatch/middleware/debug_exceptions.rb:49:in `call'
vendor/bundle/ruby/2.3.0/gems/web-console-3.4.0/lib/web_console/middleware.rb:135:in `call_app'
vendor/bundle/ruby/2.3.0/gems/web-console-3.4.0/lib/web_console/middleware.rb:28:in `block in call'
vendor/bundle/ruby/2.3.0/gems/web-console-3.4.0/lib/web_console/middleware.rb:18:in `catch'
vendor/bundle/ruby/2.3.0/gems/web-console-3.4.0/lib/web_console/middleware.rb:18:in `call'
vendor/bundle/ruby/2.3.0/gems/actionpack-5.0.2/lib/action_dispatch/middleware/show_exceptions.rb:31:in `call'
vendor/bundle/ruby/2.3.0/gems/railties-5.0.2/lib/rails/rack/logger.rb:36:in `call_app'
vendor/bundle/ruby/2.3.0/gems/railties-5.0.2/lib/rails/rack/logger.rb:24:in `block in call'
vendor/bundle/ruby/2.3.0/gems/activesupport-5.0.2/lib/active_support/tagged_logging.rb:69:in `block in tagged'
vendor/bundle/ruby/2.3.0/gems/activesupport-5.0.2/lib/active_support/tagged_logging.rb:26:in `tagged'
vendor/bundle/ruby/2.3.0/gems/activesupport-5.0.2/lib/active_support/tagged_logging.rb:69:in `tagged'
vendor/bundle/ruby/2.3.0/gems/railties-5.0.2/lib/rails/rack/logger.rb:24:in `call'
vendor/bundle/ruby/2.3.0/gems/sprockets-rails-3.2.0/lib/sprockets/rails/quiet_assets.rb:13:in `call'
vendor/bundle/ruby/2.3.0/gems/actionpack-5.0.2/lib/action_dispatch/middleware/request_id.rb:24:in `call'
vendor/bundle/ruby/2.3.0/gems/rack-2.0.1/lib/rack/method_override.rb:22:in `call'
vendor/bundle/ruby/2.3.0/gems/rack-2.0.1/lib/rack/runtime.rb:22:in `call'
vendor/bundle/ruby/2.3.0/gems/activesupport-5.0.2/lib/active_support/cache/strategy/local_cache_middleware.rb:28:in `call'
vendor/bundle/ruby/2.3.0/gems/actionpack-5.0.2/lib/action_dispatch/middleware/executor.rb:12:in `call'
vendor/bundle/ruby/2.3.0/gems/actionpack-5.0.2/lib/action_dispatch/middleware/static.rb:136:in `call'
vendor/bundle/ruby/2.3.0/gems/rack-2.0.1/lib/rack/sendfile.rb:111:in `call'
vendor/bundle/ruby/2.3.0/gems/railties-5.0.2/lib/rails/engine.rb:522:in `call'
vendor/bundle/ruby/2.3.0/gems/puma-3.7.1/lib/puma/configuration.rb:232:in `call'
vendor/bundle/ruby/2.3.0/gems/puma-3.7.1/lib/puma/server.rb:578:in `handle_request'
vendor/bundle/ruby/2.3.0/gems/puma-3.7.1/lib/puma/server.rb:415:in `process_client'
vendor/bundle/ruby/2.3.0/gems/puma-3.7.1/lib/puma/server.rb:275:in `block in run'
vendor/bundle/ruby/2.3.0/gems/puma-3.7.1/lib/puma/thread_pool.rb:120:in `block in spawn_thread'
  Rendering vendor/bundle/ruby/2.3.0/gems/actionpack-5.0.2/lib/action_dispatch/middleware/templates/rescues/diagnostics.html.erb within rescues/layout
  Rendering vendor/bundle/ruby/2.3.0/gems/actionpack-5.0.2/lib/action_dispatch/middleware/templates/rescues/_source.html.erb
  Rendered vendor/bundle/ruby/2.3.0/gems/actionpack-5.0.2/lib/action_dispatch/middleware/templates/rescues/_source.html.erb (1.1ms)
  Rendering vendor/bundle/ruby/2.3.0/gems/actionpack-5.0.2/lib/action_dispatch/middleware/templates/rescues/_trace.html.erb
  Rendered vendor/bundle/ruby/2.3.0/gems/actionpack-5.0.2/lib/action_dispatch/middleware/templates/rescues/_trace.html.erb (0.9ms)
  Rendering vendor/bundle/ruby/2.3.0/gems/actionpack-5.0.2/lib/action_dispatch/middleware/templates/rescues/_request_and_response.html.erb
  Rendered vendor/bundle/ruby/2.3.0/gems/actionpack-5.0.2/lib/action_dispatch/middleware/templates/rescues/_request_and_response.html.erb (0.5ms)
  Rendered vendor/bundle/ruby/2.3.0/gems/actionpack-5.0.2/lib/action_dispatch/middleware/templates/rescues/diagnostics.html.erb within rescues/layout (302.8ms)
  [1m[35m (7.4ms)[0m  [1m[35mCREATE TABLE "schema_migrations" ("version" varchar NOT NULL PRIMARY KEY)[0m
  [1m[35m (6.4ms)[0m  [1m[35mCREATE TABLE "ar_internal_metadata" ("key" varchar NOT NULL PRIMARY KEY, "value" varchar, "created_at" datetime NOT NULL, "updated_at" datetime NOT NULL)[0m
  [1m[36mActiveRecord::SchemaMigration Load (1.8ms)[0m  [1m[34mSELECT "schema_migrations".* FROM "schema_migrations"[0m
Migrating to CreateUsers (20170302080846)
  [1m[35m (0.1ms)[0m  [1m[36mbegin transaction[0m
  [1m[35m (3.2ms)[0m  [1m[35mCREATE TABLE "users" ("id" INTEGER PRIMARY KEY AUTOINCREMENT NOT NULL, "name" varchar, "img_url" varchar, "created_at" datetime NOT NULL, "updated_at" datetime NOT NULL)[0m
  [1m[35mSQL (0.1ms)[0m  [1m[32mINSERT INTO "schema_migrations" ("version") VALUES (?)[0m  [["version", "20170302080846"]]
  [1m[35m (4.1ms)[0m  [1m[36mcommit transaction[0m
  [1m[36mActiveRecord::InternalMetadata Load (1.6ms)[0m  [1m[34mSELECT  "ar_internal_metadata".* FROM "ar_internal_metadata" WHERE "ar_internal_metadata"."key" = ? LIMIT ?[0m  [["key", :environment], ["LIMIT", 1]]
  [1m[35m (0.0ms)[0m  [1m[36mbegin transaction[0m
  [1m[35mSQL (2.2ms)[0m  [1m[32mINSERT INTO "ar_internal_metadata" ("key", "value", "created_at", "updated_at") VALUES (?, ?, ?, ?)[0m  [["key", "environment"], ["value", "development"], ["created_at", 2017-03-02 08:14:04 UTC], ["updated_at", 2017-03-02 08:14:04 UTC]]
  [1m[35m (4.0ms)[0m  [1m[36mcommit transaction[0m
  [1m[36mActiveRecord::SchemaMigration Load (3.2ms)[0m  [1m[34mSELECT "schema_migrations".* FROM "schema_migrations"[0m
Started GET "/" for 127.0.0.1 at 2017-03-02 09:14:22 +0100
  [1m[36mActiveRecord::SchemaMigration Load (1.7ms)[0m  [1m[34mSELECT "schema_migrations".* FROM "schema_migrations"[0m
Processing by Rails::WelcomeController#index as HTML
  Parameters: {"internal"=>true}
  Rendering vendor/bundle/ruby/2.3.0/gems/railties-5.0.2/lib/rails/templates/rails/welcome/index.html.erb
  Rendered vendor/bundle/ruby/2.3.0/gems/railties-5.0.2/lib/rails/templates/rails/welcome/index.html.erb (1.7ms)
Completed 200 OK in 161ms (Views: 2.7ms | ActiveRecord: 0.0ms)


